TN:
SF:services\authService.js
FN:9,(anonymous_0)
FN:26,(anonymous_1)
FN:44,(anonymous_2)
FN:54,(anonymous_3)
FNF:4
FNH:3
FNDA:1,(anonymous_0)
FNDA:2,(anonymous_1)
FNDA:0,(anonymous_2)
FNDA:1,(anonymous_3)
DA:1,1
DA:3,1
DA:10,1
DA:11,1
DA:19,1
DA:20,1
DA:22,0
DA:27,2
DA:28,2
DA:33,2
DA:34,1
DA:40,1
DA:45,0
DA:46,0
DA:47,0
DA:48,0
DA:50,0
DA:55,1
DA:56,1
DA:57,1
DA:58,1
DA:60,0
DA:65,1
LF:23
LH:16
BRDA:9,0,0,0
BRDA:19,1,0,0
BRDA:19,1,1,1
BRDA:33,2,0,1
BRDA:33,2,1,1
BRDA:47,3,0,0
BRDA:47,3,1,0
BRDA:57,4,0,0
BRDA:57,4,1,1
BRF:9
BRH:4
end_of_record
TN:
SF:services\transactionService.js
FN:9,(anonymous_0)
FN:31,(anonymous_1)
FN:62,(anonymous_2)
FN:79,(anonymous_3)
FN:94,(anonymous_4)
FN:103,(anonymous_5)
FNF:6
FNH:6
FNDA:4,(anonymous_0)
FNDA:2,(anonymous_1)
FNDA:1,(anonymous_2)
FNDA:1,(anonymous_3)
FNDA:2,(anonymous_4)
FNDA:4,(anonymous_5)
DA:1,1
DA:3,1
DA:10,4
DA:11,4
DA:24,3
DA:25,1
DA:27,3
DA:32,2
DA:33,2
DA:40,2
DA:41,1
DA:43,1
DA:44,0
DA:46,1
DA:47,0
DA:49,1
DA:50,0
DA:53,1
DA:54,1
DA:56,1
DA:58,1
DA:63,1
DA:64,1
DA:72,1
DA:73,1
DA:75,0
DA:80,1
DA:81,1
DA:87,0
DA:88,0
DA:90,1
DA:95,2
DA:96,2
DA:101,2
DA:103,2
DA:104,4
DA:105,2
DA:107,2
DA:109,4
DA:112,2
DA:114,2
DA:116,0
DA:121,1
LF:43
LH:36
BRDA:19,0,0,3
BRDA:19,0,1,3
BRDA:24,1,0,2
BRDA:24,1,1,1
BRDA:31,2,0,1
BRDA:40,3,0,1
BRDA:40,3,1,1
BRDA:43,4,0,0
BRDA:43,4,1,1
BRDA:46,5,0,0
BRDA:46,5,1,1
BRDA:49,6,0,0
BRDA:49,6,1,1
BRDA:54,7,0,0
BRDA:54,7,1,1
BRDA:72,8,0,0
BRDA:72,8,1,1
BRDA:87,9,0,0
BRDA:87,9,1,0
BRDA:101,10,0,0
BRDA:101,10,1,2
BRDA:104,11,0,2
BRDA:104,11,1,2
BRF:23
BRH:15
end_of_record
